<?xml version="1.0" encoding="UTF-8"?>
<testng-results skipped="0" failed="0" ignored="0" total="1" passed="1">
  <reporter-output>
  </reporter-output>
  <suite name="Suite" duration-ms="2842" started-at="2018-12-02T05:04:13Z" finished-at="2018-12-02T05:04:15Z">
    <groups>
    </groups>
    <test name="Test" duration-ms="2842" started-at="2018-12-02T05:04:13Z" finished-at="2018-12-02T05:04:15Z">
      <class name="com.Test.Hello">
        <test-method status="PASS" signature="webSiteSetup()[pri:0, instance:com.Test.Hello@6108b2d7]" name="webSiteSetup" is-config="true" duration-ms="2096" started-at="2018-12-02T00:04:13Z" finished-at="2018-12-02T00:04:15Z">
          <reporter-output>
          </reporter-output>
        </test-method> <!-- webSiteSetup -->
        <test-method status="PASS" signature="testCase()[pri:0, instance:com.Test.Hello@6108b2d7]" name="testCase" duration-ms="649" started-at="2018-12-02T00:04:15Z" finished-at="2018-12-02T00:04:15Z">
          <reporter-output>
          </reporter-output>
        </test-method> <!-- testCase -->
        <test-method status="PASS" signature="tearDown()[pri:0, instance:com.Test.Hello@6108b2d7]" name="tearDown" is-config="true" duration-ms="83" started-at="2018-12-02T00:04:15Z" finished-at="2018-12-02T00:04:15Z">
          <reporter-output>
          </reporter-output>
        </test-method> <!-- tearDown -->
      </class> <!-- com.Test.Hello -->
    </test> <!-- Test -->
  </suite> <!-- Suite -->
</testng-results>
