<?xml version="1.0" encoding="UTF-8"?>
<testng-results skipped="0" failed="0" ignored="0" total="1" passed="1">
  <reporter-output>
  </reporter-output>
  <suite name="Default suite" duration-ms="3015" started-at="2018-12-02T04:42:40Z" finished-at="2018-12-02T04:42:43Z">
    <groups>
    </groups>
    <test name="Default test" duration-ms="3015" started-at="2018-12-02T04:42:40Z" finished-at="2018-12-02T04:42:43Z">
      <class name="com.Test.Hello">
        <test-method status="PASS" signature="webSiteSetup()[pri:0, instance:com.Test.Hello@6b57696f]" name="webSiteSetup" is-config="true" duration-ms="2289" started-at="2018-12-02T04:42:40Z" finished-at="2018-12-02T04:42:42Z">
          <reporter-output>
          </reporter-output>
        </test-method> <!-- webSiteSetup -->
        <test-method status="PASS" signature="testCase()[pri:0, instance:com.Test.Hello@6b57696f]" name="testCase" duration-ms="621" started-at="2018-12-02T04:42:42Z" finished-at="2018-12-02T04:42:43Z">
          <reporter-output>
          </reporter-output>
        </test-method> <!-- testCase -->
        <test-method status="PASS" signature="tearDown()[pri:0, instance:com.Test.Hello@6b57696f]" name="tearDown" is-config="true" duration-ms="82" started-at="2018-12-02T04:42:43Z" finished-at="2018-12-02T04:42:43Z">
          <reporter-output>
          </reporter-output>
        </test-method> <!-- tearDown -->
      </class> <!-- com.Test.Hello -->
    </test> <!-- Default test -->
  </suite> <!-- Default suite -->
</testng-results>
